<?xml version="1.0" encoding="UTF-8"?>
<testng-results skipped="0" failed="0" total="2" passed="2">
  <reporter-output>
  </reporter-output>
  <suite name="Default suite" duration-ms="22935" started-at="2017-03-20T15:24:19Z" finished-at="2017-03-20T15:24:42Z">
    <groups>
    </groups>
    <test name="Default test" duration-ms="22935" started-at="2017-03-20T15:24:19Z" finished-at="2017-03-20T15:24:42Z">
      <class name="com.ap.homepageTest.HomapageTest">
        <test-method status="PASS" signature="configBeforeClass()[pri:0, instance:com.ap.homepageTest.HomapageTest@68be2bc2]" name="configBeforeClass" is-config="true" duration-ms="14547" started-at="2017-03-20T20:54:19Z" finished-at="2017-03-20T20:54:34Z">
          <reporter-output>
          </reporter-output>
        </test-method> <!-- configBeforeClass -->
        <test-method status="PASS" signature="verifywomenTitle()[pri:0, instance:com.ap.homepageTest.HomapageTest@68be2bc2]" name="verifywomenTitle" duration-ms="3829" started-at="2017-03-20T20:54:34Z" finished-at="2017-03-20T20:54:38Z">
          <reporter-output>
          </reporter-output>
        </test-method> <!-- verifywomenTitle -->
        <test-method status="PASS" signature="verifycontactPage()[pri:1, instance:com.ap.homepageTest.HomapageTest@68be2bc2]" name="verifycontactPage" duration-ms="1879" started-at="2017-03-20T20:54:38Z" finished-at="2017-03-20T20:54:39Z">
          <reporter-output>
          </reporter-output>
        </test-method> <!-- verifycontactPage -->
        <test-method status="PASS" signature="configAfterclass()[pri:0, instance:com.ap.homepageTest.HomapageTest@68be2bc2]" name="configAfterclass" is-config="true" duration-ms="2615" started-at="2017-03-20T20:54:39Z" finished-at="2017-03-20T20:54:42Z">
          <reporter-output>
          </reporter-output>
        </test-method> <!-- configAfterclass -->
      </class> <!-- com.ap.homepageTest.HomapageTest -->
    </test> <!-- Default test -->
  </suite> <!-- Default suite -->
</testng-results>
